<?xml version="1.0" encoding="UTF-8"?>
<testng-results ignored="0" total="1" passed="1" failed="0" skipped="0">
  <reporter-output>
  </reporter-output>
  <suite started-at="2023-08-06T17:43:33 IST" name="Suite" finished-at="2023-08-06T17:44:24 IST" duration-ms="50998">
    <groups>
    </groups>
    <test started-at="2023-08-06T17:43:33 IST" name="Test" finished-at="2023-08-06T17:44:24 IST" duration-ms="50998">
      <class name="com.firstAutomation.testCases.TC1_Logintest_001">
        <test-method is-config="true" signature="setup()[pri:0, instance:com.firstAutomation.testCases.TC1_Logintest_001@69e153c5]" started-at="2023-08-06T17:43:33 IST" name="setup" finished-at="2023-08-06T17:43:57 IST" duration-ms="23522" status="PASS">
          <reporter-output>
          </reporter-output>
        </test-method> <!-- setup -->
        <test-method signature="loginpg()[pri:0, instance:com.firstAutomation.testCases.TC1_Logintest_001@69e153c5]" started-at="2023-08-06T17:43:57 IST" name="loginpg" finished-at="2023-08-06T17:44:24 IST" duration-ms="27161" status="PASS">
          <reporter-output>
          </reporter-output>
        </test-method> <!-- loginpg -->
      </class> <!-- com.firstAutomation.testCases.TC1_Logintest_001 -->
    </test> <!-- Test -->
  </suite> <!-- Suite -->
</testng-results>
